Analog network test accuracy = 0.89
Quantizing (Conv2D) layer 0...
	Building patch tensors...
	done. 5.11 seconds.
	Quantizing filter 0 of 32...
	done. 10.48 seconds.
	Quantizing filter 1 of 32...
	done. 3.55 seconds.
	Quantizing filter 2 of 32...
	done. 3.71 seconds.
	Quantizing filter 3 of 32...
	done. 3.72 seconds.
	Quantizing filter 4 of 32...
	done. 3.57 seconds.
	Quantizing filter 5 of 32...
	done. 3.86 seconds.
	Quantizing filter 6 of 32...
	done. 3.61 seconds.
	Quantizing filter 7 of 32...
	done. 3.71 seconds.
	Quantizing filter 8 of 32...
	done. 3.52 seconds.
	Quantizing filter 9 of 32...
	done. 3.71 seconds.
	Quantizing filter 10 of 32...
	done. 3.77 seconds.
	Quantizing filter 11 of 32...
	done. 3.35 seconds.
	Quantizing filter 12 of 32...
	done. 3.40 seconds.
	Quantizing filter 13 of 32...
	done. 3.82 seconds.
	Quantizing filter 14 of 32...
	done. 3.63 seconds.
	Quantizing filter 15 of 32...
	done. 3.64 seconds.
	Quantizing filter 16 of 32...
	done. 3.59 seconds.
	Quantizing filter 17 of 32...
	done. 3.39 seconds.
	Quantizing filter 18 of 32...
	done. 3.44 seconds.
	Quantizing filter 19 of 32...
	done. 3.69 seconds.
	Quantizing filter 20 of 32...
	done. 3.53 seconds.
	Quantizing filter 21 of 32...
	done. 3.78 seconds.
	Quantizing filter 22 of 32...
	done. 4.12 seconds.
	Quantizing filter 23 of 32...
	done. 4.07 seconds.
	Quantizing filter 24 of 32...
	done. 3.52 seconds.
	Quantizing filter 25 of 32...
	done. 3.61 seconds.
	Quantizing filter 26 of 32...
	done. 3.67 seconds.
	Quantizing filter 27 of 32...
	done. 3.63 seconds.
	Quantizing filter 28 of 32...
	done. 3.21 seconds.
	Quantizing filter 29 of 32...
	done. 3.48 seconds.
	Quantizing filter 30 of 32...
	done. 3.66 seconds.
	Quantizing filter 31 of 32...
	done. 3.64 seconds.
done. 128.82 seconds.
Quantizing (Conv2D) layer 2...
	Building patch tensors...
	done. 53.43 seconds.
	Quantizing filter 0 of 32...
	done. 26.21 seconds.
	Quantizing filter 1 of 32...
	done. 27.33 seconds.
	Quantizing filter 2 of 32...
	done. 27.02 seconds.
	Quantizing filter 3 of 32...
	done. 27.55 seconds.
	Quantizing filter 4 of 32...
	done. 25.05 seconds.
	Quantizing filter 5 of 32...
	done. 26.42 seconds.
	Quantizing filter 6 of 32...
	done. 27.60 seconds.
	Quantizing filter 7 of 32...
	done. 26.29 seconds.
	Quantizing filter 8 of 32...
	done. 25.99 seconds.
	Quantizing filter 9 of 32...
	done. 27.35 seconds.
	Quantizing filter 10 of 32...
	done. 25.93 seconds.
	Quantizing filter 11 of 32...
	done. 27.98 seconds.
	Quantizing filter 12 of 32...
	done. 26.47 seconds.
	Quantizing filter 13 of 32...
	done. 24.91 seconds.
	Quantizing filter 14 of 32...
	done. 27.32 seconds.
	Quantizing filter 15 of 32...
	done. 27.55 seconds.
	Quantizing filter 16 of 32...
	done. 29.01 seconds.
	Quantizing filter 17 of 32...
	done. 26.62 seconds.
	Quantizing filter 18 of 32...
	done. 27.99 seconds.
	Quantizing filter 19 of 32...
	done. 24.96 seconds.
	Quantizing filter 20 of 32...
	done. 22.46 seconds.
	Quantizing filter 21 of 32...
	done. 25.78 seconds.
	Quantizing filter 22 of 32...
	done. 25.82 seconds.
	Quantizing filter 23 of 32...
	done. 22.39 seconds.
	Quantizing filter 24 of 32...
	done. 25.90 seconds.
	Quantizing filter 25 of 32...
	done. 28.25 seconds.
	Quantizing filter 26 of 32...
	done. 24.07 seconds.
	Quantizing filter 27 of 32...
	done. 24.11 seconds.
	Quantizing filter 28 of 32...
	done. 23.08 seconds.
	Quantizing filter 29 of 32...
	done. 29.89 seconds.
	Quantizing filter 30 of 32...
	done. 23.86 seconds.
	Quantizing filter 31 of 32...
	done. 27.76 seconds.
done. 895.50 seconds.
Quantizing (Conv2D) layer 6...
	Building patch tensors...
	done. 9.05 seconds.
	Quantizing filter 0 of 64...
	done. 7.44 seconds.
	Quantizing filter 1 of 64...
	done. 8.29 seconds.
	Quantizing filter 2 of 64...
	done. 7.16 seconds.
	Quantizing filter 3 of 64...
	done. 7.52 seconds.
	Quantizing filter 4 of 64...
	done. 7.75 seconds.
	Quantizing filter 5 of 64...
	done. 7.40 seconds.
	Quantizing filter 6 of 64...
	done. 8.16 seconds.
	Quantizing filter 7 of 64...
	done. 8.43 seconds.
	Quantizing filter 8 of 64...
	done. 7.11 seconds.
	Quantizing filter 9 of 64...
	done. 6.36 seconds.
	Quantizing filter 10 of 64...
	done. 5.13 seconds.
	Quantizing filter 11 of 64...
	done. 6.50 seconds.
	Quantizing filter 12 of 64...
	done. 7.20 seconds.
	Quantizing filter 13 of 64...
	done. 7.04 seconds.
	Quantizing filter 14 of 64...
	done. 7.76 seconds.
	Quantizing filter 15 of 64...
	done. 6.63 seconds.
	Quantizing filter 16 of 64...
	done. 6.97 seconds.
	Quantizing filter 17 of 64...
	done. 6.61 seconds.
	Quantizing filter 18 of 64...
	done. 7.54 seconds.
	Quantizing filter 19 of 64...
	done. 7.37 seconds.
	Quantizing filter 20 of 64...
	done. 7.41 seconds.
	Quantizing filter 21 of 64...
	done. 8.24 seconds.
	Quantizing filter 22 of 64...
	done. 7.16 seconds.
	Quantizing filter 23 of 64...
	done. 6.91 seconds.
	Quantizing filter 24 of 64...
	done. 7.39 seconds.
	Quantizing filter 25 of 64...
	done. 8.66 seconds.
	Quantizing filter 26 of 64...
	done. 7.91 seconds.
	Quantizing filter 27 of 64...
	done. 6.67 seconds.
	Quantizing filter 28 of 64...
	done. 6.93 seconds.
	Quantizing filter 29 of 64...
	done. 8.03 seconds.
	Quantizing filter 30 of 64...
	done. 6.95 seconds.
	Quantizing filter 31 of 64...
	done. 7.00 seconds.
	Quantizing filter 32 of 64...
	done. 7.76 seconds.
	Quantizing filter 33 of 64...
	done. 7.21 seconds.
	Quantizing filter 34 of 64...
	done. 8.17 seconds.
	Quantizing filter 35 of 64...
	done. 6.78 seconds.
	Quantizing filter 36 of 64...
	done. 7.83 seconds.
	Quantizing filter 37 of 64...
	done. 7.03 seconds.
	Quantizing filter 38 of 64...
	done. 6.95 seconds.
	Quantizing filter 39 of 64...
	done. 7.41 seconds.
	Quantizing filter 40 of 64...
	done. 7.37 seconds.
	Quantizing filter 41 of 64...
	done. 8.10 seconds.
	Quantizing filter 42 of 64...
	done. 8.29 seconds.
	Quantizing filter 43 of 64...
	done. 8.12 seconds.
	Quantizing filter 44 of 64...
	done. 7.99 seconds.
	Quantizing filter 45 of 64...
	done. 8.41 seconds.
	Quantizing filter 46 of 64...
	done. 7.94 seconds.
	Quantizing filter 47 of 64...
	done. 7.65 seconds.
	Quantizing filter 48 of 64...
	done. 7.14 seconds.
	Quantizing filter 49 of 64...
	done. 6.93 seconds.
	Quantizing filter 50 of 64...
	done. 7.84 seconds.
	Quantizing filter 51 of 64...
	done. 7.90 seconds.
	Quantizing filter 52 of 64...
	done. 7.11 seconds.
	Quantizing filter 53 of 64...
	done. 7.94 seconds.
	Quantizing filter 54 of 64...
	done. 7.30 seconds.
	Quantizing filter 55 of 64...
	done. 7.93 seconds.
	Quantizing filter 56 of 64...
	done. 8.20 seconds.
	Quantizing filter 57 of 64...
	done. 8.06 seconds.
	Quantizing filter 58 of 64...
	done. 6.93 seconds.
	Quantizing filter 59 of 64...
	done. 6.38 seconds.
	Quantizing filter 60 of 64...
	done. 6.24 seconds.
	Quantizing filter 61 of 64...
	done. 6.21 seconds.
	Quantizing filter 62 of 64...
	done. 6.66 seconds.
	Quantizing filter 63 of 64...
	done. 6.65 seconds.
done. 484.56 seconds.
Quantizing (Conv2D) layer 8...
	Building patch tensors...
	done. 27.73 seconds.
	Quantizing filter 0 of 64...
	done. 15.67 seconds.
	Quantizing filter 1 of 64...
	done. 15.32 seconds.
	Quantizing filter 2 of 64...
	done. 15.09 seconds.
	Quantizing filter 3 of 64...
	done. 14.42 seconds.
	Quantizing filter 4 of 64...
	done. 14.51 seconds.
	Quantizing filter 5 of 64...
	done. 16.39 seconds.
	Quantizing filter 6 of 64...
	done. 15.76 seconds.
	Quantizing filter 7 of 64...
	done. 14.89 seconds.
	Quantizing filter 8 of 64...
	done. 16.15 seconds.
	Quantizing filter 9 of 64...
	done. 15.41 seconds.
	Quantizing filter 10 of 64...
	done. 11.65 seconds.
	Quantizing filter 11 of 64...
	done. 14.49 seconds.
	Quantizing filter 12 of 64...
	done. 12.47 seconds.
	Quantizing filter 13 of 64...
	done. 13.73 seconds.
	Quantizing filter 14 of 64...
	done. 10.32 seconds.
	Quantizing filter 15 of 64...
	done. 12.45 seconds.
	Quantizing filter 16 of 64...
	done. 9.72 seconds.
	Quantizing filter 17 of 64...
	done. 9.99 seconds.
	Quantizing filter 18 of 64...
	done. 13.04 seconds.
	Quantizing filter 19 of 64...
	done. 14.27 seconds.
	Quantizing filter 20 of 64...
	done. 12.73 seconds.
	Quantizing filter 21 of 64...
	done. 14.32 seconds.
	Quantizing filter 22 of 64...
	done. 10.38 seconds.
	Quantizing filter 23 of 64...
	done. 12.90 seconds.
	Quantizing filter 24 of 64...
	done. 14.16 seconds.
	Quantizing filter 25 of 64...
	done. 14.26 seconds.
	Quantizing filter 26 of 64...
	done. 12.86 seconds.
	Quantizing filter 27 of 64...
	done. 11.66 seconds.
	Quantizing filter 28 of 64...
	done. 12.08 seconds.
	Quantizing filter 29 of 64...
	done. 9.88 seconds.
	Quantizing filter 30 of 64...
	done. 12.40 seconds.
	Quantizing filter 31 of 64...
	done. 12.72 seconds.
	Quantizing filter 32 of 64...
	done. 12.79 seconds.
	Quantizing filter 33 of 64...
	done. 14.28 seconds.
	Quantizing filter 34 of 64...
	done. 13.66 seconds.
	Quantizing filter 35 of 64...
	done. 15.38 seconds.
	Quantizing filter 36 of 64...
	done. 16.85 seconds.
	Quantizing filter 37 of 64...
	done. 15.19 seconds.
	Quantizing filter 38 of 64...
	done. 14.25 seconds.
	Quantizing filter 39 of 64...
	done. 11.67 seconds.
	Quantizing filter 40 of 64...
	done. 10.36 seconds.
	Quantizing filter 41 of 64...
	done. 13.19 seconds.
	Quantizing filter 42 of 64...
	done. 14.73 seconds.
	Quantizing filter 43 of 64...
	done. 15.45 seconds.
	Quantizing filter 44 of 64...
	done. 13.16 seconds.
	Quantizing filter 45 of 64...
	done. 14.34 seconds.
	Quantizing filter 46 of 64...
	done. 13.83 seconds.
	Quantizing filter 47 of 64...
	done. 11.06 seconds.
	Quantizing filter 48 of 64...
	done. 14.15 seconds.
	Quantizing filter 49 of 64...
	done. 14.41 seconds.
	Quantizing filter 50 of 64...
	done. 14.92 seconds.
	Quantizing filter 51 of 64...
	done. 13.57 seconds.
	Quantizing filter 52 of 64...
	done. 13.22 seconds.
	Quantizing filter 53 of 64...
	done. 10.47 seconds.
	Quantizing filter 54 of 64...
	done. 12.78 seconds.
	Quantizing filter 55 of 64...
	done. 13.05 seconds.
	Quantizing filter 56 of 64...
	done. 14.28 seconds.
	Quantizing filter 57 of 64...
	done. 15.20 seconds.
	Quantizing filter 58 of 64...
	done. 14.96 seconds.
	Quantizing filter 59 of 64...
	done. 15.68 seconds.
	Quantizing filter 60 of 64...
	done. 13.43 seconds.
	Quantizing filter 61 of 64...
	done. 15.66 seconds.
	Quantizing filter 62 of 64...
	done. 13.67 seconds.
	Quantizing filter 63 of 64...
	done. 14.06 seconds.
done. 901.76 seconds.
Quantizing (Conv2D) layer 12...
	Building patch tensors...
	done. 4.43 seconds.
	Quantizing filter 0 of 128...
	done. 4.34 seconds.
	Quantizing filter 1 of 128...
	done. 4.88 seconds.
	Quantizing filter 2 of 128...
	done. 4.49 seconds.
	Quantizing filter 3 of 128...
	done. 3.80 seconds.
	Quantizing filter 4 of 128...
	done. 4.31 seconds.
	Quantizing filter 5 of 128...
	done. 4.54 seconds.
	Quantizing filter 6 of 128...
	done. 4.33 seconds.
	Quantizing filter 7 of 128...
	done. 4.29 seconds.
	Quantizing filter 8 of 128...
	done. 4.19 seconds.
	Quantizing filter 9 of 128...
	done. 3.76 seconds.
	Quantizing filter 10 of 128...
	done. 3.94 seconds.
	Quantizing filter 11 of 128...
	done. 3.95 seconds.
	Quantizing filter 12 of 128...
	done. 3.86 seconds.
	Quantizing filter 13 of 128...
	done. 4.09 seconds.
	Quantizing filter 14 of 128...
	done. 3.59 seconds.
	Quantizing filter 15 of 128...
	done. 4.30 seconds.
	Quantizing filter 16 of 128...
	done. 4.67 seconds.
	Quantizing filter 17 of 128...
	done. 4.50 seconds.
	Quantizing filter 18 of 128...
	done. 4.33 seconds.
	Quantizing filter 19 of 128...
	done. 4.28 seconds.
	Quantizing filter 20 of 128...
	done. 3.92 seconds.
	Quantizing filter 21 of 128...
	done. 3.94 seconds.
	Quantizing filter 22 of 128...
	done. 3.85 seconds.
	Quantizing filter 23 of 128...
	done. 3.86 seconds.
	Quantizing filter 24 of 128...
	done. 3.96 seconds.
	Quantizing filter 25 of 128...
	done. 4.36 seconds.
	Quantizing filter 26 of 128...
	done. 4.28 seconds.
	Quantizing filter 27 of 128...
	done. 3.75 seconds.
	Quantizing filter 28 of 128...
	done. 4.03 seconds.
	Quantizing filter 29 of 128...
	done. 3.98 seconds.
	Quantizing filter 30 of 128...
	done. 4.14 seconds.
	Quantizing filter 31 of 128...
	done. 4.05 seconds.
	Quantizing filter 32 of 128...
	done. 3.94 seconds.
	Quantizing filter 33 of 128...
	done. 3.79 seconds.
	Quantizing filter 34 of 128...
	done. 4.03 seconds.
	Quantizing filter 35 of 128...
	done. 3.80 seconds.
	Quantizing filter 36 of 128...
	done. 4.02 seconds.
	Quantizing filter 37 of 128...
	done. 3.90 seconds.
	Quantizing filter 38 of 128...
	done. 3.86 seconds.
	Quantizing filter 39 of 128...
	done. 3.56 seconds.
	Quantizing filter 40 of 128...
	done. 4.09 seconds.
	Quantizing filter 41 of 128...
	done. 4.39 seconds.
	Quantizing filter 42 of 128...
	done. 3.88 seconds.
	Quantizing filter 43 of 128...
	done. 4.07 seconds.
	Quantizing filter 44 of 128...
	done. 3.84 seconds.
	Quantizing filter 45 of 128...
	done. 3.81 seconds.
	Quantizing filter 46 of 128...
	done. 4.10 seconds.
	Quantizing filter 47 of 128...
	done. 4.37 seconds.
	Quantizing filter 48 of 128...
	done. 4.39 seconds.
	Quantizing filter 49 of 128...
	done. 4.06 seconds.
	Quantizing filter 50 of 128...
	done. 3.74 seconds.
	Quantizing filter 51 of 128...
	done. 3.96 seconds.
	Quantizing filter 52 of 128...
	done. 3.90 seconds.
	Quantizing filter 53 of 128...
	done. 3.95 seconds.
	Quantizing filter 54 of 128...
	done. 3.59 seconds.
	Quantizing filter 55 of 128...
	done. 4.29 seconds.
	Quantizing filter 56 of 128...
	done. 3.69 seconds.
	Quantizing filter 57 of 128...
	done. 3.62 seconds.
	Quantizing filter 58 of 128...
	done. 3.56 seconds.
	Quantizing filter 59 of 128...
	done. 3.58 seconds.
	Quantizing filter 60 of 128...
	done. 3.63 seconds.
	Quantizing filter 61 of 128...
	done. 3.57 seconds.
	Quantizing filter 62 of 128...
	done. 3.71 seconds.
	Quantizing filter 63 of 128...
	done. 3.59 seconds.
	Quantizing filter 64 of 128...
	done. 3.60 seconds.
	Quantizing filter 65 of 128...
	done. 3.70 seconds.
	Quantizing filter 66 of 128...
	done. 3.89 seconds.
	Quantizing filter 67 of 128...
	done. 3.63 seconds.
	Quantizing filter 68 of 128...
	done. 3.62 seconds.
	Quantizing filter 69 of 128...
	done. 3.96 seconds.
	Quantizing filter 70 of 128...
	done. 4.09 seconds.
	Quantizing filter 71 of 128...
	done. 3.92 seconds.
	Quantizing filter 72 of 128...
	done. 3.55 seconds.
	Quantizing filter 73 of 128...
	done. 3.53 seconds.
	Quantizing filter 74 of 128...
	done. 3.68 seconds.
	Quantizing filter 75 of 128...
	done. 4.04 seconds.
	Quantizing filter 76 of 128...
	done. 3.79 seconds.
	Quantizing filter 77 of 128...
	done. 4.29 seconds.
	Quantizing filter 78 of 128...
	done. 4.31 seconds.
	Quantizing filter 79 of 128...
	done. 3.65 seconds.
	Quantizing filter 80 of 128...
	done. 4.02 seconds.
	Quantizing filter 81 of 128...
	done. 4.00 seconds.
	Quantizing filter 82 of 128...
	done. 4.08 seconds.
	Quantizing filter 83 of 128...
	done. 3.77 seconds.
	Quantizing filter 84 of 128...
	done. 3.99 seconds.
	Quantizing filter 85 of 128...
	done. 3.54 seconds.
	Quantizing filter 86 of 128...
	done. 3.91 seconds.
	Quantizing filter 87 of 128...
	done. 4.16 seconds.
	Quantizing filter 88 of 128...
	done. 4.01 seconds.
	Quantizing filter 89 of 128...
	done. 3.96 seconds.
	Quantizing filter 90 of 128...
	done. 4.05 seconds.
	Quantizing filter 91 of 128...
	done. 4.24 seconds.
	Quantizing filter 92 of 128...
	done. 3.98 seconds.
	Quantizing filter 93 of 128...
	done. 3.51 seconds.
	Quantizing filter 94 of 128...
	done. 3.70 seconds.
	Quantizing filter 95 of 128...
	done. 4.33 seconds.
	Quantizing filter 96 of 128...
	done. 3.80 seconds.
	Quantizing filter 97 of 128...
	done. 3.46 seconds.
	Quantizing filter 98 of 128...
	done. 3.60 seconds.
	Quantizing filter 99 of 128...
	done. 3.63 seconds.
	Quantizing filter 100 of 128...
	done. 3.63 seconds.
	Quantizing filter 101 of 128...
	done. 2.73 seconds.
	Quantizing filter 102 of 128...
	done. 2.82 seconds.
	Quantizing filter 103 of 128...
	done. 2.74 seconds.
	Quantizing filter 104 of 128...
	done. 2.80 seconds.
	Quantizing filter 105 of 128...
	done. 2.75 seconds.
	Quantizing filter 106 of 128...
	done. 4.09 seconds.
	Quantizing filter 107 of 128...
	done. 3.89 seconds.
	Quantizing filter 108 of 128...
	done. 4.39 seconds.
	Quantizing filter 109 of 128...
	done. 4.20 seconds.
	Quantizing filter 110 of 128...
	done. 3.88 seconds.
	Quantizing filter 111 of 128...
	done. 4.00 seconds.
	Quantizing filter 112 of 128...
	done. 4.04 seconds.
	Quantizing filter 113 of 128...
	done. 4.15 seconds.
	Quantizing filter 114 of 128...
	done. 3.96 seconds.
	Quantizing filter 115 of 128...
	done. 4.34 seconds.
	Quantizing filter 116 of 128...
	done. 3.81 seconds.
	Quantizing filter 117 of 128...
	done. 3.94 seconds.
	Quantizing filter 118 of 128...
	done. 4.06 seconds.
	Quantizing filter 119 of 128...
	done. 4.06 seconds.
	Quantizing filter 120 of 128...
	done. 4.17 seconds.
	Quantizing filter 121 of 128...
	done. 4.41 seconds.
	Quantizing filter 122 of 128...
	done. 4.34 seconds.
	Quantizing filter 123 of 128...
	done. 3.96 seconds.
	Quantizing filter 124 of 128...
	done. 4.10 seconds.
	Quantizing filter 125 of 128...
	done. 4.03 seconds.
	Quantizing filter 126 of 128...
	done. 4.51 seconds.
	Quantizing filter 127 of 128...
	done. 4.73 seconds.
done. 513.78 seconds.
Quantizing (Conv2D) layer 14...
	Building patch tensors...
	done. 7.94 seconds.
	Quantizing filter 0 of 128...
	done. 8.39 seconds.
	Quantizing filter 1 of 128...
	done. 8.78 seconds.
	Quantizing filter 2 of 128...
	done. 9.12 seconds.
	Quantizing filter 3 of 128...
	done. 8.37 seconds.
	Quantizing filter 4 of 128...
	done. 8.35 seconds.
	Quantizing filter 5 of 128...
	done. 6.11 seconds.
	Quantizing filter 6 of 128...
	done. 6.73 seconds.
	Quantizing filter 7 of 128...
	done. 8.51 seconds.
	Quantizing filter 8 of 128...
	done. 8.02 seconds.
	Quantizing filter 9 of 128...
	done. 7.35 seconds.
	Quantizing filter 10 of 128...
	done. 8.13 seconds.
	Quantizing filter 11 of 128...
	done. 8.32 seconds.
	Quantizing filter 12 of 128...
	done. 7.41 seconds.
	Quantizing filter 13 of 128...
	done. 7.42 seconds.
	Quantizing filter 14 of 128...
	done. 5.82 seconds.
	Quantizing filter 15 of 128...
	done. 7.79 seconds.
	Quantizing filter 16 of 128...
	done. 7.94 seconds.
	Quantizing filter 17 of 128...
	done. 6.09 seconds.
	Quantizing filter 18 of 128...
	done. 7.15 seconds.
	Quantizing filter 19 of 128...
	done. 7.24 seconds.
	Quantizing filter 20 of 128...
	done. 5.76 seconds.
	Quantizing filter 21 of 128...
	done. 5.47 seconds.
	Quantizing filter 22 of 128...
	done. 5.52 seconds.
	Quantizing filter 23 of 128...
	done. 5.58 seconds.
	Quantizing filter 24 of 128...
	done. 5.43 seconds.
	Quantizing filter 25 of 128...
	done. 5.47 seconds.
	Quantizing filter 26 of 128...
	done. 5.44 seconds.
	Quantizing filter 27 of 128...
	done. 5.54 seconds.
	Quantizing filter 28 of 128...
	done. 5.49 seconds.
	Quantizing filter 29 of 128...
	done. 5.47 seconds.
	Quantizing filter 30 of 128...
	done. 5.44 seconds.
	Quantizing filter 31 of 128...
	done. 5.48 seconds.
	Quantizing filter 32 of 128...
	done. 5.47 seconds.
	Quantizing filter 33 of 128...
	done. 5.42 seconds.
	Quantizing filter 34 of 128...
	done. 5.96 seconds.
	Quantizing filter 35 of 128...
	done. 7.50 seconds.
	Quantizing filter 36 of 128...
	done. 6.99 seconds.
	Quantizing filter 37 of 128...
	done. 8.20 seconds.
	Quantizing filter 38 of 128...
	done. 8.40 seconds.
	Quantizing filter 39 of 128...
	done. 7.08 seconds.
	Quantizing filter 40 of 128...
	done. 7.24 seconds.
	Quantizing filter 41 of 128...
	done. 8.60 seconds.
	Quantizing filter 42 of 128...
	done. 7.13 seconds.
	Quantizing filter 43 of 128...
	done. 7.15 seconds.
	Quantizing filter 44 of 128...
	done. 7.25 seconds.
	Quantizing filter 45 of 128...
	done. 7.62 seconds.
	Quantizing filter 46 of 128...
	done. 7.74 seconds.
	Quantizing filter 47 of 128...
	done. 7.89 seconds.
	Quantizing filter 48 of 128...
	done. 7.52 seconds.
	Quantizing filter 49 of 128...
	done. 8.34 seconds.
	Quantizing filter 50 of 128...
	done. 7.33 seconds.
	Quantizing filter 51 of 128...
	done. 7.50 seconds.
	Quantizing filter 52 of 128...
	done. 7.65 seconds.
	Quantizing filter 53 of 128...
	done. 7.61 seconds.
	Quantizing filter 54 of 128...
	done. 8.18 seconds.
	Quantizing filter 55 of 128...
	done. 7.60 seconds.
	Quantizing filter 56 of 128...
	done. 7.64 seconds.
	Quantizing filter 57 of 128...
	done. 7.44 seconds.
	Quantizing filter 58 of 128...
	done. 8.79 seconds.
	Quantizing filter 59 of 128...
	done. 8.97 seconds.
	Quantizing filter 60 of 128...
	done. 8.75 seconds.
	Quantizing filter 61 of 128...
	done. 9.60 seconds.
	Quantizing filter 62 of 128...
	done. 8.41 seconds.
	Quantizing filter 63 of 128...
	done. 8.07 seconds.
	Quantizing filter 64 of 128...
	done. 8.56 seconds.
	Quantizing filter 65 of 128...
	done. 7.57 seconds.
	Quantizing filter 66 of 128...
	done. 7.70 seconds.
	Quantizing filter 67 of 128...
	done. 7.46 seconds.
	Quantizing filter 68 of 128...
	done. 7.61 seconds.
	Quantizing filter 69 of 128...
	done. 8.43 seconds.
	Quantizing filter 70 of 128...
	done. 7.64 seconds.
	Quantizing filter 71 of 128...
	done. 8.00 seconds.
	Quantizing filter 72 of 128...
	done. 6.67 seconds.
	Quantizing filter 73 of 128...
	done. 7.76 seconds.
	Quantizing filter 74 of 128...
	done. 7.96 seconds.
	Quantizing filter 75 of 128...
	done. 8.43 seconds.
	Quantizing filter 76 of 128...
	done. 8.35 seconds.
	Quantizing filter 77 of 128...
	done. 7.85 seconds.
	Quantizing filter 78 of 128...
	done. 7.53 seconds.
	Quantizing filter 79 of 128...
	done. 7.15 seconds.
	Quantizing filter 80 of 128...
	done. 7.55 seconds.
	Quantizing filter 81 of 128...
	done. 7.15 seconds.
	Quantizing filter 82 of 128...
	done. 7.50 seconds.
	Quantizing filter 83 of 128...
	done. 7.52 seconds.
	Quantizing filter 84 of 128...
	done. 7.63 seconds.
	Quantizing filter 85 of 128...
	done. 7.15 seconds.
	Quantizing filter 86 of 128...
	done. 7.79 seconds.
	Quantizing filter 87 of 128...
	done. 8.70 seconds.
	Quantizing filter 88 of 128...
	done. 7.92 seconds.
	Quantizing filter 89 of 128...
	done. 7.56 seconds.
	Quantizing filter 90 of 128...
	done. 8.49 seconds.
	Quantizing filter 91 of 128...
	done. 8.58 seconds.
	Quantizing filter 92 of 128...
	done. 7.68 seconds.
	Quantizing filter 93 of 128...
	done. 7.90 seconds.
	Quantizing filter 94 of 128...
	done. 7.91 seconds.
	Quantizing filter 95 of 128...
	done. 7.33 seconds.
	Quantizing filter 96 of 128...
	done. 8.39 seconds.
	Quantizing filter 97 of 128...
	done. 8.34 seconds.
	Quantizing filter 98 of 128...
	done. 8.36 seconds.
	Quantizing filter 99 of 128...
	done. 7.86 seconds.
	Quantizing filter 100 of 128...
	done. 7.36 seconds.
	Quantizing filter 101 of 128...
	done. 7.85 seconds.
	Quantizing filter 102 of 128...
	done. 8.23 seconds.
	Quantizing filter 103 of 128...
	done. 7.90 seconds.
	Quantizing filter 104 of 128...
	done. 7.32 seconds.
	Quantizing filter 105 of 128...
	done. 7.94 seconds.
	Quantizing filter 106 of 128...
	done. 7.23 seconds.
	Quantizing filter 107 of 128...
	done. 7.27 seconds.
	Quantizing filter 108 of 128...
	done. 7.55 seconds.
	Quantizing filter 109 of 128...
	done. 8.41 seconds.
	Quantizing filter 110 of 128...
	done. 8.53 seconds.
	Quantizing filter 111 of 128...
	done. 8.66 seconds.
	Quantizing filter 112 of 128...
	done. 8.03 seconds.
	Quantizing filter 113 of 128...
	done. 7.41 seconds.
	Quantizing filter 114 of 128...
	done. 7.56 seconds.
	Quantizing filter 115 of 128...
	done. 8.10 seconds.
	Quantizing filter 116 of 128...
	done. 7.39 seconds.
	Quantizing filter 117 of 128...
	done. 5.48 seconds.
	Quantizing filter 118 of 128...
	done. 8.32 seconds.
	Quantizing filter 119 of 128...
	done. 8.40 seconds.
	Quantizing filter 120 of 128...
	done. 7.43 seconds.
	Quantizing filter 121 of 128...
	done. 7.70 seconds.
	Quantizing filter 122 of 128...
	done. 7.99 seconds.
	Quantizing filter 123 of 128...
	done. 7.19 seconds.
	Quantizing filter 124 of 128...
	done. 7.41 seconds.
	Quantizing filter 125 of 128...
	done. 7.51 seconds.
	Quantizing filter 126 of 128...
	done. 7.74 seconds.
	Quantizing filter 127 of 128...
	done. 7.98 seconds.
done. 975.36 seconds.
Quantizing (dense) layer 19...
	Quantizing neuron 0 of 128...
	done. 1.72 seconds.
	Quantizing neuron 1 of 128...
	done. 1.73 seconds.
	Quantizing neuron 2 of 128...
	done. 1.78 seconds.
	Quantizing neuron 3 of 128...
	done. 1.74 seconds.
	Quantizing neuron 4 of 128...
	done. 1.74 seconds.
	Quantizing neuron 5 of 128...
	done. 1.76 seconds.
	Quantizing neuron 6 of 128...
	done. 1.72 seconds.
	Quantizing neuron 7 of 128...
	done. 1.72 seconds.
	Quantizing neuron 8 of 128...
	done. 1.76 seconds.
	Quantizing neuron 9 of 128...
	done. 1.73 seconds.
	Quantizing neuron 10 of 128...
	done. 1.73 seconds.
	Quantizing neuron 11 of 128...
	done. 1.72 seconds.
	Quantizing neuron 12 of 128...
	done. 1.72 seconds.
	Quantizing neuron 13 of 128...
	done. 1.75 seconds.
	Quantizing neuron 14 of 128...
	done. 1.73 seconds.
	Quantizing neuron 15 of 128...
	done. 1.74 seconds.
	Quantizing neuron 16 of 128...
	done. 1.75 seconds.
	Quantizing neuron 17 of 128...
	done. 1.72 seconds.
	Quantizing neuron 18 of 128...
	done. 1.72 seconds.
	Quantizing neuron 19 of 128...
	done. 1.76 seconds.
	Quantizing neuron 20 of 128...
	done. 1.74 seconds.
	Quantizing neuron 21 of 128...
	done. 1.73 seconds.
	Quantizing neuron 22 of 128...
	done. 1.75 seconds.
	Quantizing neuron 23 of 128...
	done. 1.73 seconds.
	Quantizing neuron 24 of 128...
	done. 1.73 seconds.
	Quantizing neuron 25 of 128...
	done. 1.76 seconds.
	Quantizing neuron 26 of 128...
	done. 1.73 seconds.
	Quantizing neuron 27 of 128...
	done. 1.74 seconds.
	Quantizing neuron 28 of 128...
	done. 1.73 seconds.
	Quantizing neuron 29 of 128...
	done. 1.72 seconds.
	Quantizing neuron 30 of 128...
	done. 1.72 seconds.
	Quantizing neuron 31 of 128...
	done. 1.76 seconds.
	Quantizing neuron 32 of 128...
	done. 1.73 seconds.
	Quantizing neuron 33 of 128...
	done. 1.75 seconds.
	Quantizing neuron 34 of 128...
	done. 1.76 seconds.
	Quantizing neuron 35 of 128...
	done. 1.73 seconds.
	Quantizing neuron 36 of 128...
	done. 1.75 seconds.
	Quantizing neuron 37 of 128...
	done. 1.72 seconds.
	Quantizing neuron 38 of 128...
	done. 1.72 seconds.
	Quantizing neuron 39 of 128...
	done. 1.75 seconds.
	Quantizing neuron 40 of 128...
	done. 1.72 seconds.
	Quantizing neuron 41 of 128...
	done. 1.72 seconds.
	Quantizing neuron 42 of 128...
	done. 1.75 seconds.
	Quantizing neuron 43 of 128...
	done. 1.73 seconds.
	Quantizing neuron 44 of 128...
	done. 1.78 seconds.
	Quantizing neuron 45 of 128...
	done. 1.74 seconds.
	Quantizing neuron 46 of 128...
	done. 1.72 seconds.
	Quantizing neuron 47 of 128...
	done. 1.72 seconds.
	Quantizing neuron 48 of 128...
	done. 1.75 seconds.
	Quantizing neuron 49 of 128...
	done. 1.72 seconds.
	Quantizing neuron 50 of 128...
	done. 1.73 seconds.
	Quantizing neuron 51 of 128...
	done. 1.75 seconds.
	Quantizing neuron 52 of 128...
	done. 1.72 seconds.
	Quantizing neuron 53 of 128...
	done. 1.76 seconds.
	Quantizing neuron 54 of 128...
	done. 1.78 seconds.
	Quantizing neuron 55 of 128...
	done. 1.75 seconds.
	Quantizing neuron 56 of 128...
	done. 1.77 seconds.
	Quantizing neuron 57 of 128...
	done. 1.75 seconds.
	Quantizing neuron 58 of 128...
	done. 1.75 seconds.
	Quantizing neuron 59 of 128...
	done. 1.80 seconds.
	Quantizing neuron 60 of 128...
	done. 1.74 seconds.
	Quantizing neuron 61 of 128...
	done. 1.75 seconds.
	Quantizing neuron 62 of 128...
	done. 1.82 seconds.
	Quantizing neuron 63 of 128...
	done. 1.72 seconds.
	Quantizing neuron 64 of 128...
	done. 1.74 seconds.
	Quantizing neuron 65 of 128...
	done. 1.79 seconds.
	Quantizing neuron 66 of 128...
	done. 1.73 seconds.
	Quantizing neuron 67 of 128...
	done. 1.74 seconds.
	Quantizing neuron 68 of 128...
	done. 1.80 seconds.
	Quantizing neuron 69 of 128...
	done. 1.73 seconds.
	Quantizing neuron 70 of 128...
	done. 1.74 seconds.
	Quantizing neuron 71 of 128...
	done. 1.79 seconds.
	Quantizing neuron 72 of 128...
	done. 1.75 seconds.
	Quantizing neuron 73 of 128...
	done. 1.77 seconds.
	Quantizing neuron 74 of 128...
	done. 1.76 seconds.
	Quantizing neuron 75 of 128...
	done. 1.73 seconds.
	Quantizing neuron 76 of 128...
	done. 1.77 seconds.
	Quantizing neuron 77 of 128...
	done. 1.74 seconds.
	Quantizing neuron 78 of 128...
	done. 1.74 seconds.
	Quantizing neuron 79 of 128...
	done. 1.79 seconds.
	Quantizing neuron 80 of 128...
	done. 1.72 seconds.
	Quantizing neuron 81 of 128...
	done. 1.73 seconds.
	Quantizing neuron 82 of 128...
	done. 1.78 seconds.
	Quantizing neuron 83 of 128...
	done. 1.73 seconds.
	Quantizing neuron 84 of 128...
	done. 1.74 seconds.
	Quantizing neuron 85 of 128...
	done. 1.78 seconds.
	Quantizing neuron 86 of 128...
	done. 1.74 seconds.
	Quantizing neuron 87 of 128...
	done. 1.73 seconds.
	Quantizing neuron 88 of 128...
	done. 1.79 seconds.
	Quantizing neuron 89 of 128...
	done. 1.74 seconds.
	Quantizing neuron 90 of 128...
	done. 1.75 seconds.
	Quantizing neuron 91 of 128...
	done. 1.77 seconds.
	Quantizing neuron 92 of 128...
	done. 1.72 seconds.
	Quantizing neuron 93 of 128...
	done. 1.78 seconds.
	Quantizing neuron 94 of 128...
	done. 1.74 seconds.
	Quantizing neuron 95 of 128...
	done. 1.74 seconds.
	Quantizing neuron 96 of 128...
	done. 1.78 seconds.
	Quantizing neuron 97 of 128...
	done. 1.71 seconds.
	Quantizing neuron 98 of 128...
	done. 1.73 seconds.
	Quantizing neuron 99 of 128...
	done. 1.76 seconds.
	Quantizing neuron 100 of 128...
	done. 1.74 seconds.
	Quantizing neuron 101 of 128...
	done. 1.73 seconds.
	Quantizing neuron 102 of 128...
	done. 1.75 seconds.
	Quantizing neuron 103 of 128...
	done. 1.72 seconds.
	Quantizing neuron 104 of 128...
	done. 1.72 seconds.
	Quantizing neuron 105 of 128...
	done. 1.75 seconds.
	Quantizing neuron 106 of 128...
	done. 1.74 seconds.
	Quantizing neuron 107 of 128...
	done. 1.72 seconds.
	Quantizing neuron 108 of 128...
	done. 1.76 seconds.
	Quantizing neuron 109 of 128...
	done. 1.73 seconds.
	Quantizing neuron 110 of 128...
	done. 1.73 seconds.
	Quantizing neuron 111 of 128...
	done. 1.76 seconds.
	Quantizing neuron 112 of 128...
	done. 1.73 seconds.
	Quantizing neuron 113 of 128...
	done. 1.75 seconds.
	Quantizing neuron 114 of 128...
	done. 1.71 seconds.
	Quantizing neuron 115 of 128...
	done. 1.72 seconds.
	Quantizing neuron 116 of 128...
	done. 1.76 seconds.
	Quantizing neuron 117 of 128...
	done. 1.72 seconds.
	Quantizing neuron 118 of 128...
	done. 1.72 seconds.
	Quantizing neuron 119 of 128...
	done. 1.76 seconds.
	Quantizing neuron 120 of 128...
	done. 1.72 seconds.
	Quantizing neuron 121 of 128...
	done. 1.72 seconds.
	Quantizing neuron 122 of 128...
	done. 1.76 seconds.
	Quantizing neuron 123 of 128...
	done. 1.73 seconds.
	Quantizing neuron 124 of 128...
	done. 1.72 seconds.
	Quantizing neuron 125 of 128...
	done. 1.75 seconds.
	Quantizing neuron 126 of 128...
	done. 1.72 seconds.
	Quantizing neuron 127 of 128...
	done. 1.72 seconds.
done. 228.69 seconds.
Quantizing (dense) layer 22...
	Quantizing neuron 0 of 10...
	done. 0.03 seconds.
	Quantizing neuron 1 of 10...
	done. 0.03 seconds.
	Quantizing neuron 2 of 10...
	done. 0.03 seconds.
	Quantizing neuron 3 of 10...
	done. 0.03 seconds.
	Quantizing neuron 4 of 10...
	done. 0.04 seconds.
	Quantizing neuron 5 of 10...
	done. 0.04 seconds.
	Quantizing neuron 6 of 10...
	done. 0.03 seconds.
	Quantizing neuron 7 of 10...
	done. 0.03 seconds.
	Quantizing neuron 8 of 10...
	done. 0.03 seconds.
	Quantizing neuron 9 of 10...
	done. 0.03 seconds.
done. 5.66 seconds.
